<?xml version="1.0" encoding="UTF-8"?>
<testng-results ignored="0" total="1" passed="1" failed="0" skipped="0">
  <reporter-output>
  </reporter-output>
  <suite started-at="2024-02-26T19:11:45 GMT+05:00" name="Default suite" finished-at="2024-02-26T19:12:02 GMT+05:00" duration-ms="17187">
    <groups>
      <group name="Regression">
        <method signature="VICS_VeiwOrdersTest.VICS_ViewOrders_Tests()[pri:1, instance:GTZTransportation.gtz.VICS_VeiwOrdersTest@70e9c95d]" name="VICS_ViewOrders_Tests" class="GTZTransportation.gtz.VICS_VeiwOrdersTest"/>
      </group> <!-- Regression -->
    </groups>
    <test started-at="2024-02-26T19:11:45 GMT+05:00" name="Default test" finished-at="2024-02-26T19:12:02 GMT+05:00" duration-ms="17187">
      <class name="GTZTransportation.gtz.VICS_VeiwOrdersTest">
        <test-method is-config="true" signature="setup()[pri:0, instance:GTZTransportation.gtz.VICS_VeiwOrdersTest@70e9c95d]" started-at="2024-02-26T19:11:45 GMT+05:00" name="setup" finished-at="2024-02-26T19:11:53 GMT+05:00" duration-ms="7749" status="PASS">
          <reporter-output>
          </reporter-output>
        </test-method> <!-- setup -->
        <test-method signature="VICS_ViewOrders_Tests()[pri:1, instance:GTZTransportation.gtz.VICS_VeiwOrdersTest@70e9c95d]" started-at="2024-02-26T19:11:53 GMT+05:00" name="VICS_ViewOrders_Tests" finished-at="2024-02-26T19:11:59 GMT+05:00" duration-ms="6605" status="PASS">
          <reporter-output>
          </reporter-output>
        </test-method> <!-- VICS_ViewOrders_Tests -->
        <test-method is-config="true" signature="tearDown()[pri:0, instance:GTZTransportation.gtz.VICS_VeiwOrdersTest@70e9c95d]" started-at="2024-02-26T19:11:59 GMT+05:00" name="tearDown" finished-at="2024-02-26T19:12:02 GMT+05:00" duration-ms="2737" status="PASS">
          <reporter-output>
          </reporter-output>
        </test-method> <!-- tearDown -->
      </class> <!-- GTZTransportation.gtz.VICS_VeiwOrdersTest -->
    </test> <!-- Default test -->
  </suite> <!-- Default suite -->
</testng-results>
